This is pdfTeX, Version 3.14159265-2.6-1.40.19 (TeX Live 2018/W32TeX) (preloaded format=pdflatex 2019.1.7)  25 JAN 2019 00:15
entering extended mode
 restricted \write18 enabled.
 %&-line parsing enabled.
**evcharge-mdm2019.tex
(./evcharge-mdm2019.tex
LaTeX2e <2018-12-01>
(e:/texlive/texmf-dist/tex/latex/IEEEtran/IEEEtran.cls
Document Class: IEEEtran 2015/08/26 V1.8b by Michael Shell
-- See the "IEEEtran_HOWTO" manual for usage information.
-- http://www.michaelshell.org/tex/ieeetran/
\@IEEEtrantmpdimenA=\dimen102
\@IEEEtrantmpdimenB=\dimen103
\@IEEEtrantmpdimenC=\dimen104
\@IEEEtrantmpcountA=\count80
\@IEEEtrantmpcountB=\count81
\@IEEEtrantmpcountC=\count82
\@IEEEtrantmptoksA=\toks14
LaTeX Font Info:    Try loading font information for OT1+ptm on input line 503.

(e:/texlive/texmf-dist/tex/latex/psnfss/ot1ptm.fd
File: ot1ptm.fd 2001/06/04 font definitions for OT1/ptm.
)
-- Using 8.5in x 11in (letter) paper.
-- Using PDF output.
\@IEEEnormalsizeunitybaselineskip=\dimen105
-- This is a 10 point document.
\CLASSINFOnormalsizebaselineskip=\dimen106
\CLASSINFOnormalsizeunitybaselineskip=\dimen107
\IEEEnormaljot=\dimen108
LaTeX Font Info:    Font shape `OT1/ptm/bx/n' in size <5> not available
(Font)              Font shape `OT1/ptm/b/n' tried instead on input line 1090.
LaTeX Font Info:    Font shape `OT1/ptm/bx/it' in size <5> not available
(Font)              Font shape `OT1/ptm/b/it' tried instead on input line 1090.

LaTeX Font Info:    Font shape `OT1/ptm/bx/n' in size <7> not available
(Font)              Font shape `OT1/ptm/b/n' tried instead on input line 1090.
LaTeX Font Info:    Font shape `OT1/ptm/bx/it' in size <7> not available
(Font)              Font shape `OT1/ptm/b/it' tried instead on input line 1090.

LaTeX Font Info:    Font shape `OT1/ptm/bx/n' in size <8> not available
(Font)              Font shape `OT1/ptm/b/n' tried instead on input line 1090.
LaTeX Font Info:    Font shape `OT1/ptm/bx/it' in size <8> not available
(Font)              Font shape `OT1/ptm/b/it' tried instead on input line 1090.

LaTeX Font Info:    Font shape `OT1/ptm/bx/n' in size <9> not available
(Font)              Font shape `OT1/ptm/b/n' tried instead on input line 1090.
LaTeX Font Info:    Font shape `OT1/ptm/bx/it' in size <9> not available
(Font)              Font shape `OT1/ptm/b/it' tried instead on input line 1090.

LaTeX Font Info:    Font shape `OT1/ptm/bx/n' in size <10> not available
(Font)              Font shape `OT1/ptm/b/n' tried instead on input line 1090.
LaTeX Font Info:    Font shape `OT1/ptm/bx/it' in size <10> not available
(Font)              Font shape `OT1/ptm/b/it' tried instead on input line 1090.

LaTeX Font Info:    Font shape `OT1/ptm/bx/n' in size <11> not available
(Font)              Font shape `OT1/ptm/b/n' tried instead on input line 1090.
LaTeX Font Info:    Font shape `OT1/ptm/bx/it' in size <11> not available
(Font)              Font shape `OT1/ptm/b/it' tried instead on input line 1090.

LaTeX Font Info:    Font shape `OT1/ptm/bx/n' in size <12> not available
(Font)              Font shape `OT1/ptm/b/n' tried instead on input line 1090.
LaTeX Font Info:    Font shape `OT1/ptm/bx/it' in size <12> not available
(Font)              Font shape `OT1/ptm/b/it' tried instead on input line 1090.

LaTeX Font Info:    Font shape `OT1/ptm/bx/n' in size <17> not available
(Font)              Font shape `OT1/ptm/b/n' tried instead on input line 1090.
LaTeX Font Info:    Font shape `OT1/ptm/bx/it' in size <17> not available
(Font)              Font shape `OT1/ptm/b/it' tried instead on input line 1090.

LaTeX Font Info:    Font shape `OT1/ptm/bx/n' in size <20> not available
(Font)              Font shape `OT1/ptm/b/n' tried instead on input line 1090.
LaTeX Font Info:    Font shape `OT1/ptm/bx/it' in size <20> not available
(Font)              Font shape `OT1/ptm/b/it' tried instead on input line 1090.

LaTeX Font Info:    Font shape `OT1/ptm/bx/n' in size <24> not available
(Font)              Font shape `OT1/ptm/b/n' tried instead on input line 1090.
LaTeX Font Info:    Font shape `OT1/ptm/bx/it' in size <24> not available
(Font)              Font shape `OT1/ptm/b/it' tried instead on input line 1090.

\IEEEquantizedlength=\dimen109
\IEEEquantizedlengthdiff=\dimen110
\IEEEquantizedtextheightdiff=\dimen111
\IEEEilabelindentA=\dimen112
\IEEEilabelindentB=\dimen113
\IEEEilabelindent=\dimen114
\IEEEelabelindent=\dimen115
\IEEEdlabelindent=\dimen116
\IEEElabelindent=\dimen117
\IEEEiednormlabelsep=\dimen118
\IEEEiedmathlabelsep=\dimen119
\IEEEiedtopsep=\skip41
\c@section=\count83
\c@subsection=\count84
\c@subsubsection=\count85
\c@paragraph=\count86
\c@IEEEsubequation=\count87
\abovecaptionskip=\skip42
\belowcaptionskip=\skip43
\c@figure=\count88
\c@table=\count89
\@IEEEeqnnumcols=\count90
\@IEEEeqncolcnt=\count91
\@IEEEsubeqnnumrollback=\count92
\@IEEEquantizeheightA=\dimen120
\@IEEEquantizeheightB=\dimen121
\@IEEEquantizeheightC=\dimen122
\@IEEEquantizeprevdepth=\dimen123
\@IEEEquantizemultiple=\count93
\@IEEEquantizeboxA=\box27
\@IEEEtmpitemindent=\dimen124
\IEEEPARstartletwidth=\dimen125
\c@IEEEbiography=\count94
\@IEEEtranrubishbin=\box28
) (e:/texlive/texmf-dist/tex/latex/algorithms/algorithmic.sty
Package: algorithmic 2009/08/24 v0.1 Document Style `algorithmic'

(e:/texlive/texmf-dist/tex/latex/base/ifthen.sty
Package: ifthen 2014/09/29 v1.1c Standard LaTeX ifthen package (DPC)
)
(e:/texlive/texmf-dist/tex/latex/graphics/keyval.sty
Package: keyval 2014/10/28 v1.15 key=value parser (DPC)
\KV@toks@=\toks15
)
\c@ALC@unique=\count95
\c@ALC@line=\count96
\c@ALC@rem=\count97
\c@ALC@depth=\count98
\ALC@tlm=\skip44
\algorithmicindent=\skip45
)
(e:/texlive/texmf-dist/tex/latex/graphics/graphicx.sty
Package: graphicx 2017/06/01 v1.1a Enhanced LaTeX Graphics (DPC,SPQR)

(e:/texlive/texmf-dist/tex/latex/graphics/graphics.sty
Package: graphics 2017/06/25 v1.2c Standard LaTeX Graphics (DPC,SPQR)

(e:/texlive/texmf-dist/tex/latex/graphics/trig.sty
Package: trig 2016/01/03 v1.10 sin cos tan (DPC)
)
(e:/texlive/texmf-dist/tex/latex/graphics-cfg/graphics.cfg
File: graphics.cfg 2016/06/04 v1.11 sample graphics configuration
)
Package graphics Info: Driver file: pdftex.def on input line 99.

(e:/texlive/texmf-dist/tex/latex/graphics-def/pdftex.def
File: pdftex.def 2018/01/08 v1.0l Graphics/color driver for pdftex
))
\Gin@req@height=\dimen126
\Gin@req@width=\dimen127
)
(e:/texlive/texmf-dist/tex/latex/xcolor/xcolor.sty
Package: xcolor 2016/05/11 v2.12 LaTeX color extensions (UK)

(e:/texlive/texmf-dist/tex/latex/graphics-cfg/color.cfg
File: color.cfg 2016/01/02 v1.6 sample color configuration
)
Package xcolor Info: Driver file: pdftex.def on input line 225.
Package xcolor Info: Model `cmy' substituted by `cmy0' on input line 1348.
Package xcolor Info: Model `hsb' substituted by `rgb' on input line 1352.
Package xcolor Info: Model `RGB' extended on input line 1364.
Package xcolor Info: Model `HTML' substituted by `rgb' on input line 1366.
Package xcolor Info: Model `Hsb' substituted by `hsb' on input line 1367.
Package xcolor Info: Model `tHsb' substituted by `hsb' on input line 1368.
Package xcolor Info: Model `HSB' substituted by `hsb' on input line 1369.
Package xcolor Info: Model `Gray' substituted by `gray' on input line 1370.
Package xcolor Info: Model `wave' substituted by `hsb' on input line 1371.
)
(./evcharge-mdm2019.aux

LaTeX Warning: Label `fig2' multiply defined.

)
\openout1 = `evcharge-mdm2019.aux'.

LaTeX Font Info:    Checking defaults for OML/cmm/m/it on input line 13.
LaTeX Font Info:    ... okay on input line 13.
LaTeX Font Info:    Checking defaults for T1/cmr/m/n on input line 13.
LaTeX Font Info:    ... okay on input line 13.
LaTeX Font Info:    Checking defaults for OT1/cmr/m/n on input line 13.
LaTeX Font Info:    ... okay on input line 13.
LaTeX Font Info:    Checking defaults for OMS/cmsy/m/n on input line 13.
LaTeX Font Info:    ... okay on input line 13.
LaTeX Font Info:    Checking defaults for OMX/cmex/m/n on input line 13.
LaTeX Font Info:    ... okay on input line 13.
LaTeX Font Info:    Checking defaults for U/cmr/m/n on input line 13.
LaTeX Font Info:    ... okay on input line 13.

-- Lines per column: 56 (exact).
(e:/texlive/texmf-dist/tex/context/base/mkii/supp-pdf.mkii
[Loading MPS to PDF converter (version 2006.09.02).]
\scratchcounter=\count99
\scratchdimen=\dimen128
\scratchbox=\box29
\nofMPsegments=\count100
\nofMParguments=\count101
\everyMPshowfont=\toks16
\MPscratchCnt=\count102
\MPscratchDim=\dimen129
\MPnumerator=\count103
\makeMPintoPDFobject=\count104
\everyMPtoPDFconversion=\toks17
) (e:/texlive/texmf-dist/tex/latex/oberdiek/epstopdf-base.sty
Package: epstopdf-base 2016/05/15 v2.6 Base part for package epstopdf

(e:/texlive/texmf-dist/tex/generic/oberdiek/infwarerr.sty
Package: infwarerr 2016/05/16 v1.4 Providing info/warning/error messages (HO)
)
(e:/texlive/texmf-dist/tex/latex/oberdiek/grfext.sty
Package: grfext 2016/05/16 v1.2 Manage graphics extensions (HO)

(e:/texlive/texmf-dist/tex/generic/oberdiek/kvdefinekeys.sty
Package: kvdefinekeys 2016/05/16 v1.4 Define keys (HO)

(e:/texlive/texmf-dist/tex/generic/oberdiek/ltxcmds.sty
Package: ltxcmds 2016/05/16 v1.23 LaTeX kernel commands for general use (HO)
)))
(e:/texlive/texmf-dist/tex/latex/oberdiek/kvoptions.sty
Package: kvoptions 2016/05/16 v3.12 Key value format for package options (HO)

(e:/texlive/texmf-dist/tex/generic/oberdiek/kvsetkeys.sty
Package: kvsetkeys 2016/05/16 v1.17 Key value parser (HO)

(e:/texlive/texmf-dist/tex/generic/oberdiek/etexcmds.sty
Package: etexcmds 2016/05/16 v1.6 Avoid name clashes with e-TeX commands (HO)

(e:/texlive/texmf-dist/tex/generic/oberdiek/ifluatex.sty
Package: ifluatex 2016/05/16 v1.4 Provides the ifluatex switch (HO)
Package ifluatex Info: LuaTeX not detected.
)
Package etexcmds Info: Could not find \expanded.
(etexcmds)             That can mean that you are not using pdfTeX 1.50 or
(etexcmds)             that some package has redefined \expanded.
(etexcmds)             In the latter case, load this package earlier.
)))
(e:/texlive/texmf-dist/tex/generic/oberdiek/pdftexcmds.sty
Package: pdftexcmds 2018/09/10 v0.29 Utility functions of pdfTeX for LuaTeX (HO
)

(e:/texlive/texmf-dist/tex/generic/oberdiek/ifpdf.sty
Package: ifpdf 2018/09/07 v3.3 Provides the ifpdf switch
)
Package pdftexcmds Info: LuaTeX not detected.
Package pdftexcmds Info: \pdf@primitive is available.
Package pdftexcmds Info: \pdf@ifprimitive is available.
Package pdftexcmds Info: \pdfdraftmode found.
)
Package epstopdf-base Info: Redefining graphics rule for `.eps' on input line 4
38.
Package grfext Info: Graphics extension search list:
(grfext)             [.pdf,.png,.jpg,.mps,.jpeg,.jbig2,.jb2,.PDF,.PNG,.JPG,.JPE
G,.JBIG2,.JB2,.eps]
(grfext)             \AppendGraphicsExtensions on input line 456.

(e:/texlive/texmf-dist/tex/latex/latexconfig/epstopdf-sys.cfg
File: epstopdf-sys.cfg 2010/07/13 v1.3 Configuration of (r)epstopdf for TeX Liv
e
))
LaTeX Font Info:    Calculating math sizes for size <11> on input line 30.
LaTeX Font Info:    External font `cmex10' loaded for size
(Font)              <11> on input line 30.
LaTeX Font Info:    External font `cmex10' loaded for size
(Font)              <7.69997> on input line 30.
LaTeX Font Info:    External font `cmex10' loaded for size
(Font)              <5.5> on input line 30.
 (./abstract.tex) (./intro.tex
<./figures/areas.pdf, id=1, 845.1575pt x 715.67375pt>
File: ./figures/areas.pdf Graphic file (type pdf)
<use ./figures/areas.pdf>
Package pdftex.def Info: ./figures/areas.pdf  used on input line 10.
(pdftex.def)             Requested size: 252.0pt x 213.39334pt.
 [1{e:/texlive/texmf-var/fonts/map/pdftex/updmap/pdftex.map}


 <./figures/areas.pdf>]
LaTeX Font Info:    External font `cmex10' loaded for size
(Font)              <7> on input line 24.
LaTeX Font Info:    External font `cmex10' loaded for size
(Font)              <5> on input line 24.
) (./related.tex) (./preliminary.tex
<./figures/pipeline.pdf, id=13, 963.6pt x 341.35529pt>
File: ./figures/pipeline.pdf Graphic file (type pdf)
<use ./figures/pipeline.pdf>
Package pdftex.def Info: ./figures/pipeline.pdf  used on input line 10.
(pdftex.def)             Requested size: 504.0pt x 178.54228pt.
) (./features.tex
[2]
<./figures/weekday.pdf, id=18, 624.3325pt x 569.12625pt>
File: ./figures/weekday.pdf Graphic file (type pdf)
<use ./figures/weekday.pdf>
Package pdftex.def Info: ./figures/weekday.pdf  used on input line 10.
(pdftex.def)             Requested size: 113.39923pt x 103.36751pt.
<./figures/weekend.pdf, id=19, 552.0625pt x 527.9725pt>
File: ./figures/weekend.pdf Graphic file (type pdf)
<use ./figures/weekend.pdf>
Package pdftex.def Info: ./figures/weekend.pdf  used on input line 10.
(pdftex.def)             Requested size: 113.39923pt x 108.44452pt.
<./figures/morning.pdf, id=20, 627.34375pt x 538.01pt>
File: ./figures/morning.pdf Graphic file (type pdf)
<use ./figures/morning.pdf>
Package pdftex.def Info: ./figures/morning.pdf  used on input line 12.
(pdftex.def)             Requested size: 113.39923pt x 97.24808pt.
<./figures/evening.pdf, id=21, 563.10374pt x 519.9425pt>
File: ./figures/evening.pdf Graphic file (type pdf)
<use ./figures/evening.pdf>
Package pdftex.def Info: ./figures/evening.pdf  used on input line 13.
(pdftex.def)             Requested size: 113.39923pt x 104.70068pt.


LaTeX Warning: Reference `fig3' on page 3 undefined on input line 20.

LaTeX Font Info:    External font `cmex10' loaded for size
(Font)              <8> on input line 29.
LaTeX Font Info:    External font `cmex10' loaded for size
(Font)              <6> on input line 29.

Underfull \hbox (badness 5217) in paragraph at lines 39--40
[]\OT1/ptm/m/n/8 institutions of higher learn-ing, mid-dle
 []


Underfull \hbox (badness 2990) in paragraph at lines 39--40
\OT1/ptm/m/n/8 schools, pri-mary schools, kinder-gartens,
 []

<./figures/company.pdf, id=22, 567.11874pt x 367.3725pt>
File: ./figures/company.pdf Graphic file (type pdf)
<use ./figures/company.pdf>
Package pdftex.def Info: ./figures/company.pdf  used on input line 62.
(pdftex.def)             Requested size: 113.39923pt x 73.45638pt.
<./figures/estate.pdf, id=23, 578.16pt x 377.41pt>
File: ./figures/estate.pdf Graphic file (type pdf)
<use ./figures/estate.pdf>
Package pdftex.def Info: ./figures/estate.pdf  used on input line 62.
(pdftex.def)             Requested size: 113.39923pt x 74.02368pt.
<./figures/hospital.pdf, id=24, 559.08875pt x 364.36125pt>
File: ./figures/hospital.pdf Graphic file (type pdf)
<use ./figures/hospital.pdf>
Package pdftex.def Info: ./figures/hospital.pdf  used on input line 64.
(pdftex.def)             Requested size: 113.39923pt x 73.89949pt.
<./figures/metro.pdf, id=25, 541.02126pt x 374.39874pt>
File: ./figures/metro.pdf Graphic file (type pdf)
<use ./figures/metro.pdf>
Package pdftex.def Info: ./figures/metro.pdf  used on input line 65.
(pdftex.def)             Requested size: 113.39923pt x 78.4718pt.
<./figures/shop.pdf, id=26, 534.99875pt x 360.34625pt>
File: ./figures/shop.pdf Graphic file (type pdf)
<use ./figures/shop.pdf>
Package pdftex.def Info: ./figures/shop.pdf  used on input line 67.
(pdftex.def)             Requested size: 113.39923pt x 76.37874pt.
<./figures/university.pdf, id=27, 539.01375pt x 356.33125pt>
File: ./figures/university.pdf Graphic file (type pdf)
<use ./figures/university.pdf>
Package pdftex.def Info: ./figures/university.pdf  used on input line 69.
(pdftex.def)             Requested size: 113.39923pt x 74.96225pt.

Underfull \vbox (badness 1776) has occurred while \output is active []

 [3 <./figures/pipeline.pdf> <./figures/weekday.pdf> <./figures/weekend.pdf> <.
/figures/morning.pdf> <./figures/evening.pdf>]
<./figures/ac_cnt.pdf, id=47, 647.41875pt x 408.52625pt>
File: ./figures/ac_cnt.pdf Graphic file (type pdf)
<use ./figures/ac_cnt.pdf>
Package pdftex.def Info: ./figures/ac_cnt.pdf  used on input line 82.
(pdftex.def)             Requested size: 113.39923pt x 71.5555pt.
<./figures/ac_fee.pdf, id=48, 636.3775pt x 417.56pt>
File: ./figures/ac_fee.pdf Graphic file (type pdf)
<use ./figures/ac_fee.pdf>
Package pdftex.def Info: ./figures/ac_fee.pdf  used on input line 82.
(pdftex.def)             Requested size: 113.39923pt x 74.40572pt.
<./figures/dc_cnt.pdf, id=49, 646.415pt x 424.58624pt>
File: ./figures/dc_cnt.pdf Graphic file (type pdf)
<use ./figures/dc_cnt.pdf>
Package pdftex.def Info: ./figures/dc_cnt.pdf  used on input line 84.
(pdftex.def)             Requested size: 113.39923pt x 74.47862pt.
<./figures/dc_fee.pdf, id=50, 624.3325pt x 424.58624pt>
File: ./figures/dc_fee.pdf Graphic file (type pdf)
<use ./figures/dc_fee.pdf>
Package pdftex.def Info: ./figures/dc_fee.pdf  used on input line 85.
(pdftex.def)             Requested size: 113.39923pt x 77.11543pt.
<./figures/distribution.pdf, id=51, 903.375pt x 401.5pt>
File: ./figures/distribution.pdf Graphic file (type pdf)
<use ./figures/distribution.pdf>
Package pdftex.def Info: ./figures/distribution.pdf  used on input line 101.
(pdftex.def)             Requested size: 252.0pt x 111.9965pt.
<./figures/timeframes.pdf, id=52, 1180.41pt x 473.77pt>
File: ./figures/timeframes.pdf Graphic file (type pdf)
<use ./figures/timeframes.pdf>
Package pdftex.def Info: ./figures/timeframes.pdf  used on input line 109.
(pdftex.def)             Requested size: 252.0pt x 101.14287pt.
 [4 <./figures/company.pdf> <./figures/estate.pdf> <./figures/hospital.pdf> <./
figures/metro.pdf> <./figures/shop.pdf> <./figures/university.pdf> <./figures/a
c_cnt.pdf> <./figures/ac_fee.pdf> <./figures/dc_cnt.pdf> <./figures/dc_fee.pdf>
 <./figures/distribution.pdf>]
<./figures/uni.pdf, id=89, 435.6275pt x 215.80624pt>
File: ./figures/uni.pdf Graphic file (type pdf)
<use ./figures/uni.pdf>
Package pdftex.def Info: ./figures/uni.pdf  used on input line 122.
(pdftex.def)             Requested size: 252.0pt x 124.83841pt.
) (./exp.tex
[5 <./figures/timeframes.pdf> <./figures/uni.pdf>]
Underfull \hbox (badness 7099) in paragraph at lines 102--122
[]\OT1/ptm/m/n/10 Then, we con-duct ex-per-i-ments in morn-ing, morn-
 []

[6]) (./evcharge-mdm2019.bbl)

** Conference Paper **
Before submitting the final camera ready copy, remember to:

 1. Manually equalize the lengths of two columns on the last page
 of your paper;

 2. Ensure that any PostScript and/or PDF output post-processing
 uses only Type 1 fonts and that every step in the generation
 process uses the appropriate paper size.

[7

] (./evcharge-mdm2019.aux)

LaTeX Warning: There were undefined references.


LaTeX Warning: There were multiply-defined labels.

 ) 
Here is how much of TeX's memory you used:
 3045 strings out of 492616
 47569 string characters out of 6135149
 129866 words of memory out of 5000000
 6902 multiletter control sequences out of 15000+600000
 41298 words of font info for 77 fonts, out of 8000000 for 9000
 1141 hyphenation exceptions out of 8191
 41i,13n,35p,1783b,298s stack positions out of 5000i,500n,10000p,200000b,80000s
{e:/texlive/texmf-dist/fonts/enc/dvips/base/8r.enc}<e:/texlive/texmf-dist/fon
ts/type1/public/amsfonts/cm/cmsy7.pfb><e:/texlive/texmf-dist/fonts/type1/urw/ti
mes/utmb8a.pfb><e:/texlive/texmf-dist/fonts/type1/urw/times/utmbi8a.pfb><e:/tex
live/texmf-dist/fonts/type1/urw/times/utmr8a.pfb><e:/texlive/texmf-dist/fonts/t
ype1/urw/times/utmri8a.pfb>
Output written on evcharge-mdm2019.pdf (7 pages, 1596596 bytes).
PDF statistics:
 124 PDF objects out of 1000 (max. 8388607)
 56 compressed objects within 1 object stream
 0 named destinations out of 1000 (max. 500000)
 96 words of extra memory for PDF output out of 10000 (max. 10000000)

