This is pdfTeX, Version 3.14159265-2.6-1.40.19 (TeX Live 2018/W32TeX) (preloaded format=pdflatex 2019.1.7)  1 MAR 2019 00:30
entering extended mode
 restricted \write18 enabled.
 %&-line parsing enabled.
**apweb2019.tex
(./apweb2019.tex
LaTeX2e <2018-12-01>
(./llncs.cls
Document Class: llncs 2018/03/10 v2.20 
 LaTeX document class for Lecture Notes in Computer Science
(e:/texlive/texmf-dist/tex/latex/base/article.cls
Document Class: article 2018/09/03 v1.4i Standard LaTeX document class
(e:/texlive/texmf-dist/tex/latex/base/size10.clo
File: size10.clo 2018/09/03 v1.4i Standard LaTeX file (size option)
)
\c@part=\count80
\c@section=\count81
\c@subsection=\count82
\c@subsubsection=\count83
\c@paragraph=\count84
\c@subparagraph=\count85
\c@figure=\count86
\c@table=\count87
\abovecaptionskip=\skip41
\belowcaptionskip=\skip42
\bibindent=\dimen102
)
(e:/texlive/texmf-dist/tex/latex/tools/multicol.sty
Package: multicol 2018/11/09 v1.8u multicolumn formatting (FMi)
\c@tracingmulticols=\count88
\mult@box=\box27
\multicol@leftmargin=\dimen103
\c@unbalance=\count89
\c@collectmore=\count90
\doublecol@number=\count91
\multicoltolerance=\count92
\multicolpretolerance=\count93
\full@width=\dimen104
\page@free=\dimen105
\premulticols=\dimen106
\postmulticols=\dimen107
\multicolsep=\skip43
\multicolbaselineskip=\skip44
\partial@page=\box28
\last@line=\box29
\maxbalancingoverflow=\dimen108
\mult@rightbox=\box30
\mult@grightbox=\box31
\mult@gfirstbox=\box32
\mult@firstbox=\box33
\@tempa=\box34
\@tempa=\box35
\@tempa=\box36
\@tempa=\box37
\@tempa=\box38
\@tempa=\box39
\@tempa=\box40
\@tempa=\box41
\@tempa=\box42
\@tempa=\box43
\@tempa=\box44
\@tempa=\box45
\@tempa=\box46
\@tempa=\box47
\@tempa=\box48
\@tempa=\box49
\@tempa=\box50
\c@columnbadness=\count94
\c@finalcolumnbadness=\count95
\last@try=\dimen109
\multicolovershoot=\dimen110
\multicolundershoot=\dimen111
\mult@nat@firstbox=\box51
\colbreak@box=\box52
\mc@col@check@num=\count96
)
(e:/texlive/texmf-dist/tex/latex/oberdiek/aliascnt.sty
Package: aliascnt 2018/09/07 v1.5 Alias counters (HO)
)
\c@chapter=\count97
LaTeX Font Info:    Redeclaring math symbol \Gamma on input line 362.
LaTeX Font Info:    Redeclaring math symbol \Delta on input line 363.
LaTeX Font Info:    Redeclaring math symbol \Theta on input line 364.
LaTeX Font Info:    Redeclaring math symbol \Lambda on input line 365.
LaTeX Font Info:    Redeclaring math symbol \Xi on input line 366.
LaTeX Font Info:    Redeclaring math symbol \Pi on input line 367.
LaTeX Font Info:    Redeclaring math symbol \Sigma on input line 368.
LaTeX Font Info:    Redeclaring math symbol \Upsilon on input line 369.
LaTeX Font Info:    Redeclaring math symbol \Phi on input line 370.
LaTeX Font Info:    Redeclaring math symbol \Psi on input line 371.
LaTeX Font Info:    Redeclaring math symbol \Omega on input line 372.
\tocchpnum=\dimen112
\tocsecnum=\dimen113
\tocsectotal=\dimen114
\tocsubsecnum=\dimen115
\tocsubsectotal=\dimen116
\tocsubsubsecnum=\dimen117
\tocsubsubsectotal=\dimen118
\tocparanum=\dimen119
\tocparatotal=\dimen120
\tocsubparanum=\dimen121
\@tempcntc=\count98
\fnindent=\dimen122
\c@@inst=\count99
\c@@auth=\count100
\c@auco=\count101
\instindent=\dimen123
\authrun=\box53
\authorrunning=\toks14
\tocauthor=\toks15
\titrun=\box54
\titlerunning=\toks16
\toctitle=\toks17
\c@theorem=\count102
\c@case=\count103
\c@conjecture=\count104
\c@corollary=\count105
\c@definition=\count106
\c@example=\count107
\c@exercise=\count108
\c@lemma=\count109
\c@note=\count110
\c@problem=\count111
\c@property=\count112
\c@proposition=\count113
\c@question=\count114
\c@solution=\count115
\c@remark=\count116
\headlineindent=\dimen124
)
(e:/texlive/texmf-dist/tex/latex/graphics/graphicx.sty
Package: graphicx 2017/06/01 v1.1a Enhanced LaTeX Graphics (DPC,SPQR)

(e:/texlive/texmf-dist/tex/latex/graphics/keyval.sty
Package: keyval 2014/10/28 v1.15 key=value parser (DPC)
\KV@toks@=\toks18
)
(e:/texlive/texmf-dist/tex/latex/graphics/graphics.sty
Package: graphics 2017/06/25 v1.2c Standard LaTeX Graphics (DPC,SPQR)

(e:/texlive/texmf-dist/tex/latex/graphics/trig.sty
Package: trig 2016/01/03 v1.10 sin cos tan (DPC)
)
(e:/texlive/texmf-dist/tex/latex/graphics-cfg/graphics.cfg
File: graphics.cfg 2016/06/04 v1.11 sample graphics configuration
)
Package graphics Info: Driver file: pdftex.def on input line 99.

(e:/texlive/texmf-dist/tex/latex/graphics-def/pdftex.def
File: pdftex.def 2018/01/08 v1.0l Graphics/color driver for pdftex
))
\Gin@req@height=\dimen125
\Gin@req@width=\dimen126
) (./apweb2019.aux)
\openout1 = `apweb2019.aux'.

LaTeX Font Info:    Checking defaults for OML/cmm/m/it on input line 15.
LaTeX Font Info:    ... okay on input line 15.
LaTeX Font Info:    Checking defaults for T1/cmr/m/n on input line 15.
LaTeX Font Info:    ... okay on input line 15.
LaTeX Font Info:    Checking defaults for OT1/cmr/m/n on input line 15.
LaTeX Font Info:    ... okay on input line 15.
LaTeX Font Info:    Checking defaults for OMS/cmsy/m/n on input line 15.
LaTeX Font Info:    ... okay on input line 15.
LaTeX Font Info:    Checking defaults for OMX/cmex/m/n on input line 15.
LaTeX Font Info:    ... okay on input line 15.
LaTeX Font Info:    Checking defaults for U/cmr/m/n on input line 15.
LaTeX Font Info:    ... okay on input line 15.

(e:/texlive/texmf-dist/tex/context/base/mkii/supp-pdf.mkii
[Loading MPS to PDF converter (version 2006.09.02).]
\scratchcounter=\count117
\scratchdimen=\dimen127
\scratchbox=\box55
\nofMPsegments=\count118
\nofMParguments=\count119
\everyMPshowfont=\toks19
\MPscratchCnt=\count120
\MPscratchDim=\dimen128
\MPnumerator=\count121
\makeMPintoPDFobject=\count122
\everyMPtoPDFconversion=\toks20
) (e:/texlive/texmf-dist/tex/latex/oberdiek/epstopdf-base.sty
Package: epstopdf-base 2016/05/15 v2.6 Base part for package epstopdf

(e:/texlive/texmf-dist/tex/generic/oberdiek/infwarerr.sty
Package: infwarerr 2016/05/16 v1.4 Providing info/warning/error messages (HO)
)
(e:/texlive/texmf-dist/tex/latex/oberdiek/grfext.sty
Package: grfext 2016/05/16 v1.2 Manage graphics extensions (HO)

(e:/texlive/texmf-dist/tex/generic/oberdiek/kvdefinekeys.sty
Package: kvdefinekeys 2016/05/16 v1.4 Define keys (HO)

(e:/texlive/texmf-dist/tex/generic/oberdiek/ltxcmds.sty
Package: ltxcmds 2016/05/16 v1.23 LaTeX kernel commands for general use (HO)
)))
(e:/texlive/texmf-dist/tex/latex/oberdiek/kvoptions.sty
Package: kvoptions 2016/05/16 v3.12 Key value format for package options (HO)

(e:/texlive/texmf-dist/tex/generic/oberdiek/kvsetkeys.sty
Package: kvsetkeys 2016/05/16 v1.17 Key value parser (HO)

(e:/texlive/texmf-dist/tex/generic/oberdiek/etexcmds.sty
Package: etexcmds 2016/05/16 v1.6 Avoid name clashes with e-TeX commands (HO)

(e:/texlive/texmf-dist/tex/generic/oberdiek/ifluatex.sty
Package: ifluatex 2016/05/16 v1.4 Provides the ifluatex switch (HO)
Package ifluatex Info: LuaTeX not detected.
)
Package etexcmds Info: Could not find \expanded.
(etexcmds)             That can mean that you are not using pdfTeX 1.50 or
(etexcmds)             that some package has redefined \expanded.
(etexcmds)             In the latter case, load this package earlier.
)))
(e:/texlive/texmf-dist/tex/generic/oberdiek/pdftexcmds.sty
Package: pdftexcmds 2018/09/10 v0.29 Utility functions of pdfTeX for LuaTeX (HO
)

(e:/texlive/texmf-dist/tex/generic/oberdiek/ifpdf.sty
Package: ifpdf 2018/09/07 v3.3 Provides the ifpdf switch
)
Package pdftexcmds Info: LuaTeX not detected.
Package pdftexcmds Info: \pdf@primitive is available.
Package pdftexcmds Info: \pdf@ifprimitive is available.
Package pdftexcmds Info: \pdfdraftmode found.
)
Package epstopdf-base Info: Redefining graphics rule for `.eps' on input line 4
38.
Package grfext Info: Graphics extension search list:
(grfext)             [.pdf,.png,.jpg,.mps,.jpeg,.jbig2,.jb2,.PDF,.PNG,.JPG,.JPE
G,.JBIG2,.JB2,.eps]
(grfext)             \AppendGraphicsExtensions on input line 456.

(e:/texlive/texmf-dist/tex/latex/latexconfig/epstopdf-sys.cfg
File: epstopdf-sys.cfg 2010/07/13 v1.3 Configuration of (r)epstopdf for TeX Liv
e
))
LaTeX Font Info:    External font `cmex10' loaded for size
(Font)              <7> on input line 26.
LaTeX Font Info:    External font `cmex10' loaded for size
(Font)              <5> on input line 26.
LaTeX Font Info:    Try loading font information for OMS+cmr on input line 31.

(e:/texlive/texmf-dist/tex/latex/base/omscmr.fd
File: omscmr.fd 2014/09/29 v2.5h Standard LaTeX font definitions
)
LaTeX Font Info:    Font shape `OMS/cmr/m/n' in size <9> not available
(Font)              Font shape `OMS/cmsy/m/n' tried instead on input line 31.
 [1

{e:/texlive/texmf-var/fonts/map/pdftex/updmap/pdftex.map}]
<./figures/rate.pdf, id=11, 1044.90375pt x 847.165pt>
File: ./figures/rate.pdf Graphic file (type pdf)
<use ./figures/rate.pdf>
Package pdftex.def Info: ./figures/rate.pdf  used on input line 45.
(pdftex.def)             Requested size: 347.12354pt x 281.43968pt.
 [2 <./figures/rate.pdf>] [3]
<./figures/pipeline.pdf, id=22, 963.6pt x 341.35529pt>
File: ./figures/pipeline.pdf Graphic file (type pdf)
<use ./figures/pipeline.pdf>
Package pdftex.def Info: ./figures/pipeline.pdf  used on input line 75.
(pdftex.def)             Requested size: 347.12354pt x 122.96593pt.
 [4 <./figures/pipeline.pdf>] [5]
LaTeX Font Info:    External font `cmex10' loaded for size
(Font)              <9> on input line 101.
LaTeX Font Info:    External font `cmex10' loaded for size
(Font)              <6> on input line 101.

Underfull \hbox (badness 2334) in paragraph at lines 115--116
[]\OT1/cmr/m/n/9 general hos-pi-tals, spe-cial-ist hos-pi-tals, clin-ics,
 []


Underfull \hbox (badness 2326) in paragraph at lines 115--116
\OT1/cmr/m/n/9 phar-ma-cies, med-i-cal ex-am-i-na-tion in-sti-tu-tions,
 []

[6]
<./figures/company.pdf, id=39, 567.11874pt x 367.3725pt>
File: ./figures/company.pdf Graphic file (type pdf)
<use ./figures/company.pdf>
Package pdftex.def Info: ./figures/company.pdf  used on input line 134.
(pdftex.def)             Requested size: 156.20453pt x 101.1875pt.
<./figures/estate.pdf, id=40, 578.16pt x 377.41pt>
File: ./figures/estate.pdf Graphic file (type pdf)
<use ./figures/estate.pdf>
Package pdftex.def Info: ./figures/estate.pdf  used on input line 134.
(pdftex.def)             Requested size: 156.20453pt x 101.96541pt.
<./figures/hospital.pdf, id=41, 559.08875pt x 364.36125pt>
File: ./figures/hospital.pdf Graphic file (type pdf)
<use ./figures/hospital.pdf>
Package pdftex.def Info: ./figures/hospital.pdf  used on input line 136.
(pdftex.def)             Requested size: 156.20453pt x 101.79807pt.
<./figures/metro.pdf, id=42, 541.02126pt x 374.39874pt>
File: ./figures/metro.pdf Graphic file (type pdf)
<use ./figures/metro.pdf>
Package pdftex.def Info: ./figures/metro.pdf  used on input line 137.
(pdftex.def)             Requested size: 156.20453pt x 108.09297pt.
<./figures/shop.pdf, id=43, 534.99875pt x 360.34625pt>
File: ./figures/shop.pdf Graphic file (type pdf)
<use ./figures/shop.pdf>
Package pdftex.def Info: ./figures/shop.pdf  used on input line 139.
(pdftex.def)             Requested size: 156.20453pt x 105.21252pt.
<./figures/university.pdf, id=44, 539.01375pt x 356.33125pt>
File: ./figures/university.pdf Graphic file (type pdf)
<use ./figures/university.pdf>
Package pdftex.def Info: ./figures/university.pdf  used on input line 141.
(pdftex.def)             Requested size: 156.20453pt x 103.26273pt.
 [7 <./figures/company.pdf> <./figures/estate.pdf> <./figures/hospital.pdf> <./
figures/metro.pdf> <./figures/shop.pdf> <./figures/university.pdf>]
<./figures/ac_cnt.pdf, id=67, 647.41875pt x 408.52625pt>
File: ./figures/ac_cnt.pdf Graphic file (type pdf)
<use ./figures/ac_cnt.pdf>
Package pdftex.def Info: ./figures/ac_cnt.pdf  used on input line 154.
(pdftex.def)             Requested size: 156.20453pt x 98.56569pt.
<./figures/ac_fee.pdf, id=68, 636.3775pt x 417.56pt>
File: ./figures/ac_fee.pdf Graphic file (type pdf)
<use ./figures/ac_fee.pdf>
Package pdftex.def Info: ./figures/ac_fee.pdf  used on input line 154.
(pdftex.def)             Requested size: 156.20453pt x 102.49104pt.
<./figures/dc_cnt.pdf, id=69, 646.415pt x 424.58624pt>
File: ./figures/dc_cnt.pdf Graphic file (type pdf)
<use ./figures/dc_cnt.pdf>
Package pdftex.def Info: ./figures/dc_cnt.pdf  used on input line 156.
(pdftex.def)             Requested size: 156.20453pt x 102.596pt.
<./figures/dc_fee.pdf, id=70, 624.3325pt x 424.58624pt>
File: ./figures/dc_fee.pdf Graphic file (type pdf)
<use ./figures/dc_fee.pdf>
Package pdftex.def Info: ./figures/dc_fee.pdf  used on input line 157.
(pdftex.def)             Requested size: 156.20453pt x 106.22404pt.
 [8 <./figures/ac_cnt.pdf> <./figures/ac_fee.pdf> <./figures/dc_cnt.pdf> <./fig
ures/dc_fee.pdf>]
<./figures/uni.pdf, id=86, 435.6275pt x 215.80624pt>
File: ./figures/uni.pdf Graphic file (type pdf)
<use ./figures/uni.pdf>
Package pdftex.def Info: ./figures/uni.pdf  used on input line 182.
(pdftex.def)             Requested size: 347.12354pt x 171.96028pt.
 [9 <./figures/uni.pdf>]
<./figures/urban_rank.pdf, id=93, 642.4pt x 481.8pt>
File: ./figures/urban_rank.pdf Graphic file (type pdf)
<use ./figures/urban_rank.pdf>
Package pdftex.def Info: ./figures/urban_rank.pdf  used on input line 235.
(pdftex.def)             Requested size: 242.98541pt x 182.24045pt.
 [10]
<./figures/subur_rank.pdf, id=97, 642.4pt x 481.8pt>
File: ./figures/subur_rank.pdf Graphic file (type pdf)
<use ./figures/subur_rank.pdf>
Package pdftex.def Info: ./figures/subur_rank.pdf  used on input line 242.
(pdftex.def)             Requested size: 242.98541pt x 182.24045pt.
 [11 <./figures/urban_rank.pdf>]
<./figures/morning_rank.pdf, id=103, 642.4pt x 481.8pt>
File: ./figures/morning_rank.pdf Graphic file (type pdf)
<use ./figures/morning_rank.pdf>
Package pdftex.def Info: ./figures/morning_rank.pdf  used on input line 272.
(pdftex.def)             Requested size: 173.56177pt x 130.1686pt.
<./figures/evening_rank.pdf, id=104, 642.4pt x 481.8pt>
File: ./figures/evening_rank.pdf Graphic file (type pdf)
<use ./figures/evening_rank.pdf>
Package pdftex.def Info: ./figures/evening_rank.pdf  used on input line 272.
(pdftex.def)             Requested size: 173.56177pt x 130.1686pt.

Overfull \hbox (5.59998pt too wide) in paragraph at lines 271--276
 [][] 
 []

<./figures/weekday_rank.pdf, id=105, 642.4pt x 481.8pt>
File: ./figures/weekday_rank.pdf Graphic file (type pdf)
<use ./figures/weekday_rank.pdf>
Package pdftex.def Info: ./figures/weekday_rank.pdf  used on input line 282.
(pdftex.def)             Requested size: 173.56177pt x 130.1686pt.
<./figures/weekend_rank.pdf, id=106, 642.4pt x 481.8pt>
File: ./figures/weekend_rank.pdf Graphic file (type pdf)
<use ./figures/weekend_rank.pdf>
Package pdftex.def Info: ./figures/weekend_rank.pdf  used on input line 282.
(pdftex.def)             Requested size: 173.56177pt x 130.1686pt.

Overfull \hbox (5.59998pt too wide) in paragraph at lines 281--286
 [][] 
 []

[12 <./figures/subur_rank.pdf>] [13 <./figures/morning_rank.pdf> <./figures/eve
ning_rank.pdf> <./figures/weekday_rank.pdf> <./figures/weekend_rank.pdf>]
(./apweb2019.bbl [14]) [15] (./apweb2019.aux) ) 
Here is how much of TeX's memory you used:
 2007 strings out of 492616
 28494 string characters out of 6135149
 100394 words of memory out of 5000000
 5893 multiletter control sequences out of 15000+600000
 7634 words of font info for 27 fonts, out of 8000000 for 9000
 1141 hyphenation exceptions out of 8191
 41i,12n,25p,1859b,302s stack positions out of 5000i,500n,10000p,200000b,80000s
<e:/texlive/texmf-dist/fonts/typ
e1/public/amsfonts/cm/cmbx10.pfb><e:/texlive/texmf-dist/fonts/type1/public/amsf
onts/cm/cmbx12.pfb><e:/texlive/texmf-dist/fonts/type1/public/amsfonts/cm/cmbx9.
pfb><e:/texlive/texmf-dist/fonts/type1/public/amsfonts/cm/cmr10.pfb><e:/texlive
/texmf-dist/fonts/type1/public/amsfonts/cm/cmr9.pfb><e:/texlive/texmf-dist/font
s/type1/public/amsfonts/cm/cmsy9.pfb><e:/texlive/texmf-dist/fonts/type1/public/
amsfonts/cm/cmti9.pfb>
Output written on apweb2019.pdf (15 pages, 1111012 bytes).
PDF statistics:
 155 PDF objects out of 1000 (max. 8388607)
 80 compressed objects within 1 object stream
 0 named destinations out of 1000 (max. 500000)
 96 words of extra memory for PDF output out of 10000 (max. 10000000)

